<?xml version="1.0" encoding="UTF-8"?>
<testsuite name="TaskIntegrationTest" tests="2" skipped="0" failures="0" errors="0" timestamp="2015-08-18T05:53:21" hostname="Archanas-MBP.home" time="0.442">
  <properties/>
  <testcase name="taskIsCreatedTest" classname="TaskIntegrationTest" time="0.42"/>
  <testcase name="rootTest" classname="TaskIntegrationTest" time="0.015"/>
  <system-out><![CDATA[]]></system-out>
  <system-err><![CDATA[[Thread-4] INFO spark.webserver.SparkServer - == Spark has ignited ...
[Thread-4] INFO spark.webserver.SparkServer - >> Listening on 0.0.0.0:4567
[Thread-4] INFO org.eclipse.jetty.server.Server - jetty-9.0.2.v20130417
[Thread-4] INFO org.eclipse.jetty.server.ServerConnector - Started ServerConnector@3efff1db{HTTP/1.1}{0.0.0.0:4567}
[Test worker] INFO spark.webserver.SparkServer - >>> Spark shutting down ...
[Test worker] INFO org.eclipse.jetty.server.Server - Graceful shutdown org.eclipse.jetty.server.Server@642285ac by 
[Test worker] INFO org.eclipse.jetty.server.ServerConnector - Stopped ServerConnector@3efff1db{HTTP/1.1}{0.0.0.0:4567}
[Test worker] INFO spark.webserver.SparkServer - done
]]></system-err>
</testsuite>
